make all --print-data-base --no-builtin-variables --no-builtin-rules --question
# GNU Make 3.81
# Copyright (C) 2006  Free Software Foundation, Inc.
# This is free software; see the source for copying conditions.
# There is NO warranty; not even for MERCHANTABILITY or FITNESS FOR A
# PARTICULAR PURPOSE.

# This program built for i386-apple-darwin11.3.0
 
/Applications/Xcode.app/Contents/Developer/usr/bin/make -C ./libft
 
# GNU Make 3.81
# Copyright (C) 2006  Free Software Foundation, Inc.
# This is free software; see the source for copying conditions.
# There is NO warranty; not even for MERCHANTABILITY or FITNESS FOR A
# PARTICULAR PURPOSE.

# This program built for i386-apple-darwin11.3.0
 

# Make data base, printed on Tue Aug 16 15:02:30 2022

# Variables

 
# automatic
<D = $(patsubst %/,%,$(dir $<))
# automatic
?F = $(notdir $?)
# makefile (from `Makefile', line 5)
OBJ = $(SRC:.c=.o)
# makefile (from `Makefile', line 4)
SRC = ft_strcpy.c ft_strcat.c ft_realloc.c ft_join.c ft_atoi.c ft_bzero.c ft_calloc.c ft_isalnum.c ft_isalpha.c ft_isascii.c ft_isdigit.c ft_isprint.c ft_itoa.c ft_memchr.c ft_memcmp.c ft_memcpy.c ft_memmove.c ft_memset.c ft_putchar_fd.c ft_putendl_fd.c ft_putnbr_fd.c ft_putstr_fd.c ft_split.c ft_strchr.c ft_strdup.c ft_striteri.c ft_strjoin.c ft_strlcat.c ft_strlcpy.c ft_strlen.c ft_strmapi.c ft_strncmp.c ft_strnstr.c ft_strrchr.c ft_strtrim.c ft_substr.c ft_tolower.c ft_toupper.c
# automatic
?D = $(patsubst %/,%,$(dir $?))
# automatic
@D = $(patsubst %/,%,$(dir $@))
# automatic
@F = $(notdir $@)
# makefile
CURDIR := /Users/grubin/Desktop/cub3d/libft
# makefile
SHELL = /bin/sh
# environment
VSCODE_NLS_CONFIG = {"locale":"fr","availableLanguages":{"*":"fr"},"_languagePackId":"8e1a08857df44efaeace20a1f4372f40.fr","_translationsConfigFile":"/Users/grubin/Library/Application Support/Code/clp/8e1a08857df44efaeace20a1f4372f40.fr/tcf.json","_cacheRoot":"/Users/grubin/Library/Application Support/Code/clp/8e1a08857df44efaeace20a1f4372f40.fr","_resolvedLanguagePackCoreLocation":"/Users/grubin/Library/Application Support/Code/clp/8e1a08857df44efaeace20a1f4372f40.fr/b06ae3b2d2dbfe28bca3134cc6be65935cdfea6a","_corruptedFile":"/Users/grubin/Library/Application Support/Code/clp/8e1a08857df44efaeace20a1f4372f40.fr/corrupted.info","_languagePackSupport":true}
# environment
_ = /usr/bin/make
# makefile (from `Makefile', line 3)
CFLAGS = -Wextra -Werror -Wall
# makefile (from `Makefile', line 1)
MAKEFILE_LIST :=  Makefile
# environment
VSCODE_CWD = /
# environment
PATH = /Users/grubin/.brew/bin:/usr/local/bin:/usr/bin:/bin:/usr/sbin:/sbin:/usr/local/munki:/Library/Apple/usr/bin
# environment
ELECTRON_RUN_AS_NODE = 1
# default
.FEATURES := target-specific order-only second-expansion else-if archives jobserver check-symlink
# environment
SSH_AUTH_SOCK = /private/tmp/com.apple.launchd.i67itU0FSG/Listeners
# automatic
%F = $(notdir $%)
# environment
HOMEBREW_TEMP = /tmp/grubin/Homebrew/Temp
# environment
PWD = /Users/grubin/Desktop/cub3d
# environment
ORIGINAL_XDG_CURRENT_DESKTOP = undefined
# environment
VSCODE_AMD_ENTRYPOINT = vs/workbench/api/node/extensionHostProcess
# environment
HOME = /Users/grubin
# default
MAKEFILEPATH := /Applications/Xcode.app/Contents/Developer/Makefiles
# environment
VSCODE_CODE_CACHE_PATH = /Users/grubin/Library/Application Support/Code/CachedData/b06ae3b2d2dbfe28bca3134cc6be65935cdfea6a
# environment
LOGNAME = grubin
# environment
APPLICATION_INSIGHTS_NO_DIAGNOSTIC_CHANNEL = 1
# environment
VSCODE_HANDLES_UNCAUGHT_ERRORS = true
# automatic
^D = $(patsubst %/,%,$(dir $^))
# environment
XPC_FLAGS = 0x0
# default
MAKE = $(MAKE_COMMAND)
# environment
HOMEBREW_CACHE = /tmp/grubin/Homebrew/Caches
# environment
SHLVL = 1
# makefile (from `Makefile', line 1)
CC = gcc
# default
MAKE_VERSION := 3.81
# environment
USER = grubin
# makefile
.DEFAULT_GOAL := all
# makefile (from `Makefile', line 2)
NAME = libft.a
# automatic
%D = $(patsubst %/,%,$(dir $%))
# default
MAKE_COMMAND := /Applications/Xcode.app/Contents/Developer/usr/bin/make
# default
.VARIABLES := 
# environment
TMPDIR = /var/folders/zz/zyxvpxvq6csfxvn_n000c_n80032n_/T/
# automatic
*F = $(notdir $*)
# environment
VSCODE_IPC_HOOK = /Users/grubin/Library/Application Support/Code/1.69.1-main.sock
# environment
MallocNanoZone = 0
# makefile
MAKEFLAGS = Rrqp
# environment
MFLAGS = -Rrqp
# automatic
*D = $(patsubst %/,%,$(dir $*))
# environment
XPC_SERVICE_NAME = com.microsoft.VSCode.2920
# automatic
+D = $(patsubst %/,%,$(dir $+))
# automatic
+F = $(notdir $+)
# environment
__CF_USER_TEXT_ENCODING = 0x18AAA:0x0:0x0
# default
MAKEFILES := 
# automatic
<F = $(notdir $<)
# environment
LC_ALL = C
# automatic
^F = $(notdir $^)
# default
SUFFIXES := 
# default
.INCLUDE_DIRS = /usr/local/include
# environment
MAKELEVEL := 1
# environment
LANG = C
# environment
VSCODE_PID = 8434
# variable set hash-table stats:
# Load=62/1024=6%, Rehash=0, Collisions=3/96=3%

# Pattern-specific Variable Values

# No pattern-specific variable values.

# Directories

# . (device 16777225, inode 1644130): 42 files, no impossibilities.

# 42 files, no impossibilities in 1 directories.

# Implicit Rules

%.o: %.c
#  commands to execute (from `Makefile', line 10):
 
	$(CC) $(CFLAGS) -o $@ -c $<
	

# 1 implicit rules, 0 (0.0%) terminal.

# Files

# Not a target:
ft_strmapi.o:
#  Implicit rule search has not been done.
#  Modification time never checked.
#  File has not been updated.

# Not a target:
ft_strcpy.c:
#  Implicit rule search has been done.
#  Last modified 2022-08-15 14:33:55
#  File has been updated.
#  Successfully updated.
# variable set hash-table stats:
# Load=0/32=0%, Rehash=0, Collisions=0/0=0%

# Not a target:
ft_memcpy.o:
#  Implicit rule search has not been done.
#  Modification time never checked.
#  File has not been updated.

# Not a target:
ft_itoa.o:
#  Implicit rule search has not been done.
#  Modification time never checked.
#  File has not been updated.

# Not a target:
ft_memcmp.o:
#  Implicit rule search has not been done.
#  Modification time never checked.
#  File has not been updated.

# Not a target:
ft_strlen.o:
#  Implicit rule search has not been done.
#  Modification time never checked.
#  File has not been updated.

# Not a target:
ft_isdigit.o:
#  Implicit rule search has not been done.
#  Modification time never checked.
#  File has not been updated.

all: libft.a
#  Phony target (prerequisite of .PHONY).
#  Implicit rule search has not been done.
#  File does not exist.
#  File has been updated.
#  Needs to be updated (-q is set).
# variable set hash-table stats:
# Load=0/32=0%, Rehash=0, Collisions=0/4=0%

# Not a target:
ft_memchr.o:
#  Implicit rule search has not been done.
#  Modification time never checked.
#  File has not been updated.

.PHONY: all clean fclean re
#  Implicit rule search has not been done.
#  Modification time never checked.
#  File has not been updated.

# Not a target:
ft_tolower.o:
#  Implicit rule search has not been done.
#  Modification time never checked.
#  File has not been updated.

# Not a target:
ft_strrchr.o:
#  Implicit rule search has not been done.
#  Modification time never checked.
#  File has not been updated.

# Not a target:
ft_strjoin.o:
#  Implicit rule search has not been done.
#  Modification time never checked.
#  File has not been updated.

# Not a target:
ft_split.o:
#  Implicit rule search has not been done.
#  Modification time never checked.
#  File has not been updated.

# Not a target:
ft_join.o:
#  Implicit rule search has not been done.
#  Modification time never checked.
#  File has not been updated.

# Not a target:
ft_strlcat.o:
#  Implicit rule search has not been done.
#  Modification time never checked.
#  File has not been updated.

# Not a target:
.SUFFIXES:
#  Implicit rule search has not been done.
#  Modification time never checked.
#  File has not been updated.

# Not a target:
Makefile:
#  Implicit rule search has been done.
#  Last modified 2022-08-15 14:33:55
#  File has been updated.
#  Successfully updated.
# variable set hash-table stats:
# Load=0/32=0%, Rehash=0, Collisions=0/0=0%

# Not a target:
ft_isprint.o:
#  Implicit rule search has not been done.
#  Modification time never checked.
#  File has not been updated.

# Not a target:
ft_strcat.o:
#  Implicit rule search has not been done.
#  Modification time never checked.
#  File has not been updated.

libft.a: ft_strcpy.o ft_strcat.o ft_realloc.o ft_join.o ft_atoi.o ft_bzero.o ft_calloc.o ft_isalnum.o ft_isalpha.o ft_isascii.o ft_isdigit.o ft_isprint.o ft_itoa.o ft_memchr.o ft_memcmp.o ft_memcpy.o ft_memmove.o ft_memset.o ft_putchar_fd.o ft_putendl_fd.o ft_putnbr_fd.o ft_putstr_fd.o ft_split.o ft_strchr.o ft_strdup.o ft_striteri.o ft_strjoin.o ft_strlcat.o ft_strlcpy.o ft_strlen.o ft_strmapi.o ft_strncmp.o ft_strnstr.o ft_strrchr.o ft_strtrim.o ft_substr.o ft_tolower.o ft_toupper.o
#  Implicit rule search has not been done.
#  File does not exist.
#  File has been updated.
#  Needs to be updated (-q is set).
# variable set hash-table stats:
# Load=0/32=0%, Rehash=0, Collisions=0/4=0%
#  commands to execute (from `Makefile', line 13):
	ar rsc $(NAME) $(OBJ)
	

# Not a target:
ft_striteri.o:
#  Implicit rule search has not been done.
#  Modification time never checked.
#  File has not been updated.

# Not a target:
ft_bzero.o:
#  Implicit rule search has not been done.
#  Modification time never checked.
#  File has not been updated.

# Not a target:
ft_putnbr_fd.o:
#  Implicit rule search has not been done.
#  Modification time never checked.
#  File has not been updated.

fclean: clean
#  Phony target (prerequisite of .PHONY).
#  Implicit rule search has not been done.
#  File does not exist.
#  File has not been updated.
#  commands to execute (from `Makefile', line 19):
	rm -f $(NAME)
	

# Not a target:
ft_calloc.o:
#  Implicit rule search has not been done.
#  Modification time never checked.
#  File has not been updated.

# Not a target:
ft_substr.o:
#  Implicit rule search has not been done.
#  Modification time never checked.
#  File has not been updated.

# Not a target:
ft_isalpha.o:
#  Implicit rule search has not been done.
#  Modification time never checked.
#  File has not been updated.

# Not a target:
.DEFAULT:
#  Implicit rule search has not been done.
#  Modification time never checked.
#  File has not been updated.

# Not a target:
ft_strlcpy.o:
#  Implicit rule search has not been done.
#  Modification time never checked.
#  File has not been updated.

# Not a target:
ft_strncmp.o:
#  Implicit rule search has not been done.
#  Modification time never checked.
#  File has not been updated.

re: fclean all
#  Phony target (prerequisite of .PHONY).
#  Implicit rule search has not been done.
#  File does not exist.
#  File has not been updated.

clean:
#  Phony target (prerequisite of .PHONY).
#  Implicit rule search has not been done.
#  File does not exist.
#  File has not been updated.
#  commands to execute (from `Makefile', line 16):
	rm -f $(OBJ)
	

ft_strcpy.o: ft_strcpy.c
#  Implicit rule search has been done.
#  Implicit/static pattern stem: `ft_strcpy'
#  File does not exist.
#  File has been updated.
#  Needs to be updated (-q is set).
# automatic
# @ := ft_strcpy.o
# automatic
# % := 
# automatic
# * := ft_strcpy
# automatic
# + := ft_strcpy.c
# automatic
# | := 
# automatic
# < := ft_strcpy.c
# automatic
# ^ := ft_strcpy.c
# automatic
# ? := ft_strcpy.c
# variable set hash-table stats:
# Load=8/32=25%, Rehash=0, Collisions=1/14=7%
#  commands to execute (from `Makefile', line 10):
	$(CC) $(CFLAGS) -o $@ -c $<
	

# Not a target:
ft_isalnum.o:
#  Implicit rule search has not been done.
#  Modification time never checked.
#  File has not been updated.

# Not a target:
ft_realloc.o:
#  Implicit rule search has not been done.
#  Modification time never checked.
#  File has not been updated.

# Not a target:
ft_isascii.o:
#  Implicit rule search has not been done.
#  Modification time never checked.
#  File has not been updated.

# Not a target:
ft_strdup.o:
#  Implicit rule search has not been done.
#  Modification time never checked.
#  File has not been updated.

# Not a target:
ft_memmove.o:
#  Implicit rule search has not been done.
#  Modification time never checked.
#  File has not been updated.

# Not a target:
ft_strchr.o:
#  Implicit rule search has not been done.
#  Modification time never checked.
#  File has not been updated.

# Not a target:
ft_toupper.o:
#  Implicit rule search has not been done.
#  Modification time never checked.
#  File has not been updated.

# Not a target:
ft_strnstr.o:
#  Implicit rule search has not been done.
#  Modification time never checked.
#  File has not been updated.

# Not a target:
ft_putstr_fd.o:
#  Implicit rule search has not been done.
#  Modification time never checked.
#  File has not been updated.

# Not a target:
ft_memset.o:
#  Implicit rule search has not been done.
#  Modification time never checked.
#  File has not been updated.

# Not a target:
ft_putchar_fd.o:
#  Implicit rule search has not been done.
#  Modification time never checked.
#  File has not been updated.

# Not a target:
ft_atoi.o:
#  Implicit rule search has not been done.
#  Modification time never checked.
#  File has not been updated.

# Not a target:
ft_strtrim.o:
#  Implicit rule search has not been done.
#  Modification time never checked.
#  File has not been updated.

 
# Not a target:
ft_putendl_fd.o:
#  Implicit rule search has not been done.
#  Modification time never checked.
#  File has not been updated.

# files hash-table stats:
# Load=48/1024=5%, Rehash=0, Collisions=6/109=6%
# VPATH Search Paths

# No `vpath' search paths.

# No general (`VPATH' variable) search path.

# # of strings in strcache: 1
# # of strcache buffers: 1
# strcache size: total = 4096 / max = 4096 / min = 4096 / avg = 4096
# strcache free: total = 4087 / max = 4087 / min = 4087 / avg = 4087

# Finished Make data base on Tue Aug 16 15:02:30 2022


# Make data base, printed on Tue Aug 16 15:02:30 2022

# Variables

# automatic
<D = $(patsubst %/,%,$(dir $<))
# automatic
?F = $(notdir $?)
# automatic
?D = $(patsubst %/,%,$(dir $?))
# automatic
@D = $(patsubst %/,%,$(dir $@))
# automatic
@F = $(notdir $@)
# makefile
CURDIR := /Users/grubin/Desktop/cub3d
# makefile
SHELL = /bin/sh
# makefile (from `Makefile', line 42)
RM = rm -f
# environment
VSCODE_NLS_CONFIG = {"locale":"fr","availableLanguages":{"*":"fr"},"_languagePackId":"8e1a08857df44efaeace20a1f4372f40.fr","_translationsConfigFile":"/Users/grubin/Library/Application Support/Code/clp/8e1a08857df44efaeace20a1f4372f40.fr/tcf.json","_cacheRoot":"/Users/grubin/Library/Application Support/Code/clp/8e1a08857df44efaeace20a1f4372f40.fr","_resolvedLanguagePackCoreLocation":"/Users/grubin/Library/Application Support/Code/clp/8e1a08857df44efaeace20a1f4372f40.fr/b06ae3b2d2dbfe28bca3134cc6be65935cdfea6a","_corruptedFile":"/Users/grubin/Library/Application Support/Code/clp/8e1a08857df44efaeace20a1f4372f40.fr/corrupted.info","_languagePackSupport":true}
# makefile (from `Makefile', line 16)
MLX = $(MLX_DIR)/libmlx.a
# environment
_ = /usr/bin/make
# makefile (from `Makefile', line 5)
CFLAGS = -Wextra -Werror -Wall
# makefile (from `Makefile', line 12)
INC_DIRS = -Ilibft -I$(HOME)
# makefile (from `Makefile', line 1)
MAKEFILE_LIST :=  Makefile
# makefile (from `Makefile', line 18)
SRCS = main.c check_cub.c get_next_line_utils.c get_next_line.c init_struct.c check_error.c check_cub_bis.c check_cub_bis_bis.c check_map.c check_map_bis.c init_world.c init_texture.c get_image.c init_map.c utils.c raycasting.c ray_check.c move.c utils_ray.c 
# makefile (from `Makefile', line 38)
OBJS = $(addprefix $(OBJS_DIR)/, $(notdir $(SRCS:.c=.o)))
# environment
VSCODE_CWD = /
# environment
PATH = /Users/grubin/.brew/bin:/usr/local/bin:/usr/bin:/bin:/usr/sbin:/sbin:/usr/local/munki:/Library/Apple/usr/bin
# makefile (from `Makefile', line 8)
AR = ar -rc
# makefile (from `Makefile', line 10)
SRCS_DIR = ./src
# environment
ELECTRON_RUN_AS_NODE = 1
# makefile (from `Makefile', line 6)
LDFLAGS = -Llibft -L$(HOME) -Lmlx -lmlx -framework OpenGL -framework Appkit
# default
.FEATURES := target-specific order-only second-expansion else-if archives jobserver check-symlink
# makefile (from `Makefile', line 13)
LIBFT_DIR = ./libft
# environment
 
make: *** [libft/libft.a] Error 1

SSH_AUTH_SOCK = /private/tmp/com.apple.launchd.i67itU0FSG/Listeners
# automatic
%F = $(notdir $%)
# environment
HOMEBREW_TEMP = /tmp/grubin/Homebrew/Temp
# environment
PWD = /Users/grubin/Desktop/cub3d
# environment
ORIGINAL_XDG_CURRENT_DESKTOP = undefined
# environment
VSCODE_AMD_ENTRYPOINT = vs/workbench/api/node/extensionHostProcess
# environment
HOME = /Users/grubin
# default
MAKEFILEPATH := /Applications/Xcode.app/Contents/Developer/Makefiles
# environment
VSCODE_CODE_CACHE_PATH = /Users/grubin/Library/Application Support/Code/CachedData/b06ae3b2d2dbfe28bca3134cc6be65935cdfea6a
# environment
LOGNAME = grubin
# environment
APPLICATION_INSIGHTS_NO_DIAGNOSTIC_CHANNEL = 1
# environment
VSCODE_HANDLES_UNCAUGHT_ERRORS = true
# automatic
^D = $(patsubst %/,%,$(dir $^))
# environment
XPC_FLAGS = 0x0
# default
MAKE = $(MAKE_COMMAND)
# default
MAKECMDGOALS := all
# environment
HOMEBREW_CACHE = /tmp/grubin/Homebrew/Caches
# environment
SHLVL = 1
# makefile (from `Makefile', line 14)
LIBFT = $(LIBFT_DIR)/libft.a
# makefile (from `Makefile', line 3)
CC = gcc
# default
MAKE_VERSION := 3.81
# environment
USER = grubin
# makefile
.DEFAULT_GOAL := all
# makefile (from `Makefile', line 1)
NAME = cub3D
# automatic
%D = $(patsubst %/,%,$(dir $%))
# default
MAKE_COMMAND := /Applications/Xcode.app/Contents/Developer/usr/bin/make
# default
.VARIABLES := 
# environment
TMPDIR = /var/folders/zz/zyxvpxvq6csfxvn_n000c_n80032n_/T/
# automatic
*F = $(notdir $*)
# environment
VSCODE_IPC_HOOK = /Users/grubin/Library/Application Support/Code/1.69.1-main.sock
# environment
MallocNanoZone = 0
# makefile
MAKEFLAGS = Rrqp
# environment
MFLAGS = -Rrqp
# automatic
*D = $(patsubst %/,%,$(dir $*))
# environment
XPC_SERVICE_NAME = com.microsoft.VSCode.2920
# makefile (from `Makefile', line 11)
OBJS_DIR = ./objs
# automatic
+D = $(patsubst %/,%,$(dir $+))
# automatic
+F = $(notdir $+)
# environment
__CF_USER_TEXT_ENCODING = 0x18AAA:0x0:0x0
# default
MAKEFILES := 
# automatic
<F = $(notdir $<)
# makefile (from `Makefile', line 15)
MLX_DIR = ./mlx
# environment
LC_ALL = C
# automatic
^F = $(notdir $^)
# default
SUFFIXES := 
# default
.INCLUDE_DIRS = /usr/local/include
# environment
MAKELEVEL := 0
# environment
LANG = C
# environment
VSCODE_PID = 8434
# variable set hash-table stats:
# Load=73/1024=7%, Rehash=0, Collisions=9/134=7%

# Pattern-specific Variable Values

# No pattern-specific variable values.

# Directories

# . (device 16777225, inode 1644047): 30 files, no impossibilities.
# ./src: could not be stat'd.

# 30 files, no impossibilities in 2 directories.

# Implicit Rules

objs/%.o: %.c | ./objs
#  commands to execute (from `Makefile', line 61):
	$(CC) $(CFLAGS) $(INC_DIRS) -o $@ -c $^
	

# 1 implicit rules, 0 (0.0%) terminal.

# Files

# Not a target:
objs/check_cub_bis.o:
#  Implicit rule search has not been done.
#  Modification time never checked.
#  File has not been updated.

# Not a target:
objs/check_map_bis.o:
#  Implicit rule search has not been done.
#  Modification time never checked.
#  File has not been updated.

# Not a target:
objs/get_next_line.o:
#  Implicit rule search has not been done.
#  Modification time never checked.
#  File has not been updated.

# Not a target:
objs/main.o:
#  Implicit rule search has not been done.
#  Modification time never checked.
#  File has not been updated.

# Not a target:
objs/get_image.o:
#  Implicit rule search has not been done.
#  Modification time never checked.
#  File has not been updated.

all: cub3D
#  Phony target (prerequisite of .PHONY).
#  Command-line target.
#  Implicit rule search has not been done.
#  File does not exist.
#  File has not been updated.
# variable set hash-table stats:
# Load=0/32=0%, Rehash=0, Collisions=0/5=0%

.PHONY: all re clean fclean debug
#  Implicit rule search has not been done.
#  Modification time never checked.
#  File has not been updated.

cub3D: libft/libft.a objs/main.o objs/check_cub.o objs/get_next_line_utils.o objs/get_next_line.o objs/init_struct.o objs/check_error.o objs/check_cub_bis.o objs/check_cub_bis_bis.o objs/check_map.o objs/check_map_bis.o objs/init_world.o objs/init_texture.o objs/get_image.o objs/init_map.o objs/utils.o objs/raycasting.o objs/ray_check.o objs/move.o objs/utils_ray.o mlx/libmlx.a
#  Implicit rule search has not been done.
#  File does not exist.
#  File has not been updated.
# variable set hash-table stats:
# Load=0/32=0%, Rehash=0, Collisions=0/5=0%
#  commands to execute (from `Makefile', line 49):
	$(CC) -o $(NAME) $(OBJS) $(LIBFT) $(MLX) $(LDFLAGS)
	

# Not a target:
objs/check_cub_bis_bis.o:
#  Implicit rule search has not been done.
#  Modification time never checked.
#  File has not been updated.

# Not a target:
.SUFFIXES:
#  Implicit rule search has not been done.
#  Modification time never checked.
#  File has not been updated.

# Not a target:
Makefile:
#  Implicit rule search has been done.
#  Last modified 2022-08-16 15:02:26
#  File has been updated.
#  Successfully updated.
# variable set hash-table stats:
# Load=0/32=0%, Rehash=0, Collisions=0/0=0%

debug: libft/libft.a objs/main.o objs/check_cub.o objs/get_next_line_utils.o objs/get_next_line.o objs/init_struct.o objs/check_error.o objs/check_cub_bis.o objs/check_cub_bis_bis.o objs/check_map.o objs/check_map_bis.o objs/init_world.o objs/init_texture.o objs/get_image.o objs/init_map.o objs/utils.o objs/raycasting.o objs/ray_check.o objs/move.o objs/utils_ray.o cub3D
#  Phony target (prerequisite of .PHONY).
#  Implicit rule search has not been done.
#  File does not exist.
#  File has not been updated.
# makefile (from `Makefile', line 63)
# CFLAGS += -g3 -fsanitize=address -fno-omit-frame-pointer
# makefile (from `Makefile', line 64)
# LDFLAGS += -fsanitize=address
# variable set hash-table stats:
# Load=2/32=6%, Rehash=0, Collisions=2/4=50%

objs:
#  Implicit rule search has not been done.
#  Modification time never checked.
#  File has not been updated.
#  commands to execute (from `Makefile', line 58):
	mkdir -p $(OBJS_DIR)
	

# Not a target:
objs/init_texture.o:
#  Implicit rule search has not been done.
#  Modification time never checked.
#  File has not been updated.

libft/libft.a:
#  Implicit rule search has not been done.
#  Implicit/static pattern stem: `'
#  Modification time never checked.
#  File has been updated.
#  Failed to be updated.
# automatic
# @ := libft/libft.a
# automatic
# % := 
# automatic
# * := 
# automatic
# + := 
# automatic
# | := 
# automatic
# < := 
# automatic
# ^ := 
# automatic
# ? := 
# variable set hash-table stats:
# Load=8/32=25%, Rehash=0, Collisions=3/13=23%
#  commands to execute (from `Makefile', line 52):
	$(MAKE) -C $(LIBFT_DIR)
	

fclean: clean
#  Phony target (prerequisite of .PHONY).
#  Implicit rule search has not been done.
#  File does not exist.
#  File has not been updated.
#  commands to execute (from `Makefile', line 76):
	$(MAKE) -C $(LIBFT_DIR) fclean
	$(RM) $(NAME)
	

# Not a target:
objs/init_world.o:
#  Implicit rule search has not been done.
#  Modification time never checked.
#  File has not been updated.

# Not a target:
objs/utils.o:
#  Implicit rule search has not been done.
#  Modification time never checked.
#  File has not been updated.

# Not a target:
objs/init_struct.o:
#  Implicit rule search has not been done.
#  Modification time never checked.
#  File has not been updated.

# Not a target:
.DEFAULT:
#  Implicit rule search has not been done.
#  Modification time never checked.
#  File has not been updated.

mlx/libmlx.a:
#  Implicit rule search has not been done.
#  Modification time never checked.
#  File has not been updated.
#  commands to execute (from `Makefile', line 55):
	$(MAKE) -C $(MLX_DIR)
	

# Not a target:
objs/utils_ray.o:
#  Implicit rule search has not been done.
#  Modification time never checked.
#  File has not been updated.

re: fclean all
#  Phony target (prerequisite of .PHONY).
#  Implicit rule search has not been done.
#  File does not exist.
#  File has not been updated.

clean:
#  Phony target (prerequisite of .PHONY).
#  Implicit rule search has not been done.
#  File does not exist.
#  File has not been updated.
#  commands to execute (from `Makefile', line 71):
 
	$(MAKE) -C $(LIBFT_DIR) clean
	$(RM) -r $(OBJS_DIR)
	$(MAKE) -C mlx clean
	

# Not a target:
objs/get_next_line_utils.o:
#  Implicit rule search has not been done.
#  Modification time never checked.
#  File has not been updated.

# Not a target:
objs/raycasting.o:
#  Implicit rule search has not been done.
#  Modification time never checked.
#  File has not been updated.

# Not a target:
objs/check_error.o:
#  Implicit rule search has not been done.
#  Modification time never checked.
#  File has not been updated.

# Not a target:
objs/ray_check.o:
#  Implicit rule search has not been done.
#  Modification time never checked.
#  File has not been updated.

# Not a target:
objs/init_map.o:
#  Implicit rule search has not been done.
#  Modification time never checked.
#  File has not been updated.

# Not a target:
objs/check_cub.o:
#  Implicit rule search has not been done.
#  Modification time never checked.
#  File has not been updated.

# Not a target:
objs/check_map.o:
#  Implicit rule search has not been done.
#  Modification time never checked.
#  File has not been updated.

valgrind: libft/libft.a objs/main.o objs/check_cub.o objs/get_next_line_utils.o objs/get_next_line.o objs/init_struct.o objs/check_error.o objs/check_cub_bis.o objs/check_cub_bis_bis.o objs/check_map.o objs/check_map_bis.o objs/init_world.o objs/init_texture.o objs/get_image.o objs/init_map.o objs/utils.o objs/raycasting.o objs/ray_check.o objs/move.o objs/utils_ray.o cub3D
#  Implicit rule search has not been done.
#  Modification time never checked.
#  File has not been updated.
# makefile (from `Makefile', line 67)
# CFLAGS += -g3
# variable set hash-table stats:
# Load=1/32=3%, Rehash=0, Collisions=0/2=0%

# Not a target:
objs/move.o:
#  Implicit rule search has not been done.
#  Modification time never checked.
#  File has not been updated.

# files hash-table stats:
# Load=33/1024=3%, Rehash=0, Collisions=0/125=0%
# VPATH Search Paths

# No `vpath' search paths.

# No general (`VPATH' variable) search path.

# # of strings in strcache: 1
# # of strcache buffers: 1
# strcache size: total = 4096 / max = 4096 / min = 4096 / avg = 4096
# strcache free: total = 4087 / max = 4087 / min = 4087 / avg = 4087

# Finished Make data base on Tue Aug 16 15:02:30 2022

 
